<?xml version="1.0" encoding="UTF-8"?>
<coverage generated="1787158290609" clover="3.2.0">
  <project timestamp="1787158290609" name="All files">
    <metrics statements="98" coveredstatements="85" conditionals="80" coveredconditionals="55" methods="15" coveredmethods="13" elements="193" coveredelements="153" complexity="0" loc="98" ncloc="98" packages="1" files="3" classes="3"/>
    <file name="args.mjs" path="/opt/discript/src/args.mjs">
      <metrics statements="26" coveredstatements="22" conditionals="27" coveredconditionals="19" methods="3" coveredmethods="2"/>
      <line num="2" count="2" type="stmt"/>
      <line num="3" count="2" type="stmt"/>
      <line num="5" count="2" type="stmt"/>
      <line num="6" count="7" type="stmt"/>
      <line num="7" count="7" type="cond" truecount="1" falsecount="1"/>
      <line num="8" count="0" type="stmt"/>
      <line num="9" count="0" type="stmt"/>
      <line num="11" count="7" type="cond" truecount="4" falsecount="0"/>
      <line num="12" count="2" type="stmt"/>
      <line num="13" count="2" type="stmt"/>
      <line num="15" count="5" type="cond" truecount="1" falsecount="1"/>
      <line num="16" count="5" type="cond" truecount="1" falsecount="1"/>
      <line num="17" count="5" type="cond" truecount="2" falsecount="0"/>
      <line num="18" count="4" type="cond" truecount="2" falsecount="0"/>
      <line num="19" count="3" type="cond" truecount="1" falsecount="1"/>
      <line num="20" count="3" type="stmt"/>
      <line num="21" count="3" type="stmt"/>
      <line num="22" count="3" type="cond" truecount="2" falsecount="0"/>
      <line num="23" count="2" type="cond" truecount="2" falsecount="0"/>
      <line num="24" count="1" type="stmt"/>
      <line num="26" count="0" type="stmt"/>
      <line num="30" count="2" type="stmt"/>
      <line num="34" count="2" type="stmt"/>
      <line num="35" count="2" type="cond" truecount="3" falsecount="1"/>
      <line num="36" count="2" type="stmt"/>
      <line num="40" count="0" type="stmt"/>
    </file>
    <file name="evaluator.mjs" path="/opt/discript/src/evaluator.mjs">
      <metrics statements="20" coveredstatements="18" conditionals="15" coveredconditionals="10" methods="3" coveredmethods="2"/>
      <line num="2" count="2" type="stmt"/>
      <line num="4" count="2" type="stmt"/>
      <line num="5" count="3" type="cond" truecount="2" falsecount="0"/>
      <line num="6" count="1" type="stmt"/>
      <line num="7" count="1" type="stmt"/>
      <line num="8" count="2" type="stmt"/>
      <line num="10" count="2" type="stmt"/>
      <line num="13" count="7" type="cond" truecount="1" falsecount="1"/>
      <line num="14" count="7" type="cond" truecount="2" falsecount="0"/>
      <line num="15" count="3" type="cond" truecount="1" falsecount="1"/>
      <line num="16" count="3" type="stmt"/>
      <line num="18" count="4" type="cond" truecount="2" falsecount="0"/>
      <line num="19" count="2" type="stmt"/>
      <line num="20" count="2" type="stmt"/>
      <line num="22" count="2" type="cond" truecount="1" falsecount="1"/>
      <line num="23" count="2" type="stmt"/>
      <line num="24" count="2" type="cond" truecount="1" falsecount="1"/>
      <line num="25" count="2" type="stmt"/>
      <line num="27" count="0" type="stmt"/>
      <line num="31" count="0" type="stmt"/>
    </file>
    <file name="parser.mjs" path="/opt/discript/src/parser.mjs">
      <metrics statements="52" coveredstatements="45" conditionals="38" coveredconditionals="26" methods="9" coveredmethods="9"/>
      <line num="1" count="2" type="stmt"/>
      <line num="4" count="4" type="stmt"/>
      <line num="5" count="4" type="stmt"/>
      <line num="6" count="4" type="stmt"/>
      <line num="8" count="4" type="stmt"/>
      <line num="9" count="6" type="cond" truecount="1" falsecount="1"/>
      <line num="10" count="6" type="stmt"/>
      <line num="11" count="6" type="cond" truecount="4" falsecount="0"/>
      <line num="12" count="3" type="stmt"/>
      <line num="13" count="3" type="stmt"/>
      <line num="14" count="5" type="stmt"/>
      <line num="16" count="3" type="stmt"/>
      <line num="19" count="9" type="stmt"/>
      <line num="20" count="8" type="stmt"/>
      <line num="21" count="4" type="stmt"/>
      <line num="22" count="4" type="stmt"/>
      <line num="23" count="4" type="cond" truecount="2" falsecount="0"/>
      <line num="24" count="3" type="stmt"/>
      <line num="25" count="3" type="cond" truecount="1" falsecount="1"/>
      <line num="26" count="0" type="stmt"/>
      <line num="27" count="0" type="stmt"/>
      <line num="29" count="3" type="stmt"/>
      <line num="32" count="8" type="cond" truecount="1" falsecount="1"/>
      <line num="33" count="0" type="stmt"/>
      <line num="34" count="0" type="cond" truecount="0" falsecount="2"/>
      <line num="35" count="0" type="stmt"/>
      <line num="36" count="0" type="stmt"/>
      <line num="38" count="0" type="stmt"/>
      <line num="40" count="8" type="stmt"/>
      <line num="44" count="9" type="stmt"/>
      <line num="45" count="9" type="cond" truecount="3" falsecount="1"/>
      <line num="46" count="9" type="cond" truecount="2" falsecount="0"/>
      <line num="47" count="1" type="stmt"/>
      <line num="51" count="47" type="cond" truecount="4" falsecount="0"/>
      <line num="52" count="28" type="stmt"/>
      <line num="54" count="4" type="cond" truecount="1" falsecount="1"/>
      <line num="55" count="88" type="stmt"/>
      <line num="56" count="9" type="stmt"/>
      <line num="60" count="4" type="stmt"/>
      <line num="61" count="4" type="stmt"/>
      <line num="62" count="4" type="stmt"/>
      <line num="63" count="34" type="stmt"/>
      <line num="64" count="34" type="stmt"/>
      <line num="65" count="34" type="cond" truecount="1" falsecount="1"/>
      <line num="66" count="34" type="stmt"/>
      <line num="67" count="34" type="cond" truecount="2" falsecount="0"/>
      <line num="68" count="27" type="cond" truecount="1" falsecount="3"/>
      <line num="69" count="27" type="cond" truecount="1" falsecount="1"/>
      <line num="70" count="27" type="cond" truecount="2" falsecount="0"/>
      <line num="71" count="15" type="stmt"/>
      <line num="73" count="4" type="stmt"/>
      <line num="76" count="1" type="stmt"/>
    </file>
  </project>
</coverage>
