{"/opt/discript/src/args.mjs": {"path":"/opt/discript/src/args.mjs","statementMap":{"0":{"start":{"line":2,"column":22},"end":{"line":2,"column":24}},"1":{"start":{"line":3,"column":18},"end":{"line":3,"column":20}},"2":{"start":{"line":5,"column":2},"end":{"line":28,"column":3}},"3":{"start":{"line":5,"column":19},"end":{"line":5,"column":20}},"4":{"start":{"line":6,"column":18},"end":{"line":6,"column":29}},"5":{"start":{"line":7,"column":4},"end":{"line":10,"column":5}},"6":{"start":{"line":8,"column":6},"end":{"line":8,"column":49}},"7":{"start":{"line":9,"column":6},"end":{"line":9,"column":12}},"8":{"start":{"line":11,"column":4},"end":{"line":14,"column":5}},"9":{"start":{"line":12,"column":6},"end":{"line":12,"column":30}},"10":{"start":{"line":13,"column":6},"end":{"line":13,"column":15}},"11":{"start":{"line":15,"column":4},"end":{"line":27,"column":5}},"12":{"start":{"line":15,"column":24},"end":{"line":15,"column":44}},"13":{"start":{"line":16,"column":9},"end":{"line":27,"column":5}},"14":{"start":{"line":16,"column":29},"end":{"line":16,"column":52}},"15":{"start":{"line":17,"column":9},"end":{"line":27,"column":5}},"16":{"start":{"line":17,"column":29},"end":{"line":17,"column":78}},"17":{"start":{"line":18,"column":9},"end":{"line":27,"column":5}},"18":{"start":{"line":18,"column":29},"end":{"line":18,"column":48}},"19":{"start":{"line":19,"column":9},"end":{"line":27,"column":5}},"20":{"start":{"line":20,"column":36},"end":{"line":20,"column":64}},"21":{"start":{"line":21,"column":18},"end":{"line":21,"column":45}},"22":{"start":{"line":22,"column":6},"end":{"line":24,"column":31}},"23":{"start":{"line":22,"column":37},"end":{"line":22,"column":64}},"24":{"start":{"line":23,"column":11},"end":{"line":24,"column":31}},"25":{"start":{"line":23,"column":88},"end":{"line":23,"column":146}},"26":{"start":{"line":24,"column":11},"end":{"line":24,"column":31}},"27":{"start":{"line":26,"column":6},"end":{"line":26,"column":70}},"28":{"start":{"line":30,"column":2},"end":{"line":30,"column":34}},"29":{"start":{"line":34,"column":16},"end":{"line":34,"column":27}},"30":{"start":{"line":35,"column":2},"end":{"line":35,"column":111}},"31":{"start":{"line":35,"column":39},"end":{"line":35,"column":111}},"32":{"start":{"line":36,"column":2},"end":{"line":36,"column":15}},"33":{"start":{"line":40,"column":2},"end":{"line":40,"column":63}}},"fnMap":{"0":{"name":"parseArgs","decl":{"start":{"line":1,"column":16},"end":{"line":1,"column":25}},"loc":{"start":{"line":1,"column":37},"end":{"line":31,"column":1}},"line":1},"1":{"name":"requireValue","decl":{"start":{"line":33,"column":9},"end":{"line":33,"column":21}},"loc":{"start":{"line":33,"column":43},"end":{"line":37,"column":1}},"line":33},"2":{"name":"cliError","decl":{"start":{"line":39,"column":16},"end":{"line":39,"column":24}},"loc":{"start":{"line":39,"column":73},"end":{"line":41,"column":1}},"line":39}},"branchMap":{"0":{"loc":{"start":{"line":1,"column":26},"end":{"line":1,"column":35}},"type":"default-arg","locations":[{"start":{"line":1,"column":33},"end":{"line":1,"column":35}}],"line":1},"1":{"loc":{"start":{"line":7,"column":4},"end":{"line":10,"column":5}},"type":"if","locations":[{"start":{"line":7,"column":4},"end":{"line":10,"column":5}},{"start":{},"end":{}}],"line":7},"2":{"loc":{"start":{"line":11,"column":4},"end":{"line":14,"column":5}},"type":"if","locations":[{"start":{"line":11,"column":4},"end":{"line":14,"column":5}},{"start":{},"end":{}}],"line":11},"3":{"loc":{"start":{"line":11,"column":8},"end":{"line":11,"column":47}},"type":"binary-expr","locations":[{"start":{"line":11,"column":8},"end":{"line":11,"column":30}},{"start":{"line":11,"column":34},"end":{"line":11,"column":47}}],"line":11},"4":{"loc":{"start":{"line":15,"column":4},"end":{"line":27,"column":5}},"type":"if","locations":[{"start":{"line":15,"column":4},"end":{"line":27,"column":5}},{"start":{"line":16,"column":9},"end":{"line":27,"column":5}}],"line":15},"5":{"loc":{"start":{"line":16,"column":9},"end":{"line":27,"column":5}},"type":"if","locations":[{"start":{"line":16,"column":9},"end":{"line":27,"column":5}},{"start":{"line":17,"column":9},"end":{"line":27,"column":5}}],"line":16},"6":{"loc":{"start":{"line":17,"column":9},"end":{"line":27,"column":5}},"type":"if","locations":[{"start":{"line":17,"column":9},"end":{"line":27,"column":5}},{"start":{"line":18,"column":9},"end":{"line":27,"column":5}}],"line":17},"7":{"loc":{"start":{"line":18,"column":9},"end":{"line":27,"column":5}},"type":"if","locations":[{"start":{"line":18,"column":9},"end":{"line":27,"column":5}},{"start":{"line":19,"column":9},"end":{"line":27,"column":5}}],"line":18},"8":{"loc":{"start":{"line":19,"column":9},"end":{"line":27,"column":5}},"type":"if","locations":[{"start":{"line":19,"column":9},"end":{"line":27,"column":5}},{"start":{"line":25,"column":11},"end":{"line":27,"column":5}}],"line":19},"9":{"loc":{"start":{"line":22,"column":6},"end":{"line":24,"column":31}},"type":"if","locations":[{"start":{"line":22,"column":6},"end":{"line":24,"column":31}},{"start":{"line":23,"column":11},"end":{"line":24,"column":31}}],"line":22},"10":{"loc":{"start":{"line":23,"column":11},"end":{"line":24,"column":31}},"type":"if","locations":[{"start":{"line":23,"column":11},"end":{"line":24,"column":31}},{"start":{"line":24,"column":11},"end":{"line":24,"column":31}}],"line":23},"11":{"loc":{"start":{"line":35,"column":2},"end":{"line":35,"column":111}},"type":"if","locations":[{"start":{"line":35,"column":2},"end":{"line":35,"column":111}},{"start":{},"end":{}}],"line":35},"12":{"loc":{"start":{"line":35,"column":6},"end":{"line":35,"column":37}},"type":"binary-expr","locations":[{"start":{"line":35,"column":6},"end":{"line":35,"column":12}},{"start":{"line":35,"column":16},"end":{"line":35,"column":37}}],"line":35},"13":{"loc":{"start":{"line":39,"column":34},"end":{"line":39,"column":57}},"type":"default-arg","locations":[{"start":{"line":39,"column":41},"end":{"line":39,"column":57}}],"line":39},"14":{"loc":{"start":{"line":39,"column":59},"end":{"line":39,"column":71}},"type":"default-arg","locations":[{"start":{"line":39,"column":70},"end":{"line":39,"column":71}}],"line":39}},"s":{"0":2,"1":2,"2":2,"3":2,"4":7,"5":7,"6":0,"7":0,"8":7,"9":2,"10":2,"11":5,"12":0,"13":5,"14":0,"15":5,"16":1,"17":4,"18":1,"19":3,"20":3,"21":3,"22":3,"23":1,"24":2,"25":1,"26":1,"27":0,"28":2,"29":2,"30":2,"31":0,"32":2,"33":0},"f":{"0":2,"1":2,"2":0},"b":{"0":[0],"1":[0,7],"2":[2,5],"3":[7,5],"4":[0,5],"5":[0,5],"6":[1,4],"7":[1,3],"8":[3,0],"9":[1,2],"10":[1,1],"11":[0,2],"12":[2,2],"13":[0],"14":[0]},"inputSourceMap":null,"_coverageSchema":"1a1c01bbd47fc00a2c39e90264f33305004495a9","hash":"989dd1c7cd52e7518d9f2a5f6d971191311740c2"}
,"/opt/discript/src/evaluator.mjs": {"path":"/opt/discript/src/evaluator.mjs","statementMap":{"0":{"start":{"line":2,"column":16},"end":{"line":2,"column":48}},"1":{"start":{"line":4,"column":2},"end":{"line":9,"column":3}},"2":{"start":{"line":5,"column":4},"end":{"line":8,"column":67}},"3":{"start":{"line":6,"column":6},"end":{"line":6,"column":57}},"4":{"start":{"line":7,"column":6},"end":{"line":7,"column":40}},"5":{"start":{"line":8,"column":11},"end":{"line":8,"column":67}},"6":{"start":{"line":10,"column":2},"end":{"line":10,"column":16}},"7":{"start":{"line":13,"column":4},"end":{"line":13,"column":63}},"8":{"start":{"line":13,"column":39},"end":{"line":13,"column":63}},"9":{"start":{"line":14,"column":4},"end":{"line":17,"column":5}},"10":{"start":{"line":15,"column":6},"end":{"line":15,"column":98}},"11":{"start":{"line":15,"column":39},"end":{"line":15,"column":98}},"12":{"start":{"line":16,"column":6},"end":{"line":16,"column":40}},"13":{"start":{"line":18,"column":4},"end":{"line":21,"column":5}},"14":{"start":{"line":19,"column":21},"end":{"line":19,"column":64}},"15":{"start":{"line":20,"column":6},"end":{"line":20,"column":43}},"16":{"start":{"line":22,"column":4},"end":{"line":26,"column":5}},"17":{"start":{"line":23,"column":21},"end":{"line":23,"column":64}},"18":{"start":{"line":24,"column":6},"end":{"line":24,"column":94}},"19":{"start":{"line":24,"column":40},"end":{"line":24,"column":94}},"20":{"start":{"line":25,"column":6},"end":{"line":25,"column":88}},"21":{"start":{"line":27,"column":4},"end":{"line":27,"column":69}},"22":{"start":{"line":31,"column":33},"end":{"line":31,"column":114}}},"fnMap":{"0":{"name":"evaluate","decl":{"start":{"line":1,"column":22},"end":{"line":1,"column":30}},"loc":{"start":{"line":1,"column":54},"end":{"line":29,"column":1}},"line":1},"1":{"name":"evaluateExpression","decl":{"start":{"line":12,"column":17},"end":{"line":12,"column":35}},"loc":{"start":{"line":12,"column":48},"end":{"line":28,"column":3}},"line":12},"2":{"name":"runtimeError","decl":{"start":{"line":31,"column":9},"end":{"line":31,"column":21}},"loc":{"start":{"line":31,"column":31},"end":{"line":31,"column":116}},"line":31}},"branchMap":{"0":{"loc":{"start":{"line":1,"column":40},"end":{"line":1,"column":52}},"type":"default-arg","locations":[{"start":{"line":1,"column":50},"end":{"line":1,"column":52}}],"line":1},"1":{"loc":{"start":{"line":5,"column":4},"end":{"line":8,"column":67}},"type":"if","locations":[{"start":{"line":5,"column":4},"end":{"line":8,"column":67}},{"start":{"line":8,"column":11},"end":{"line":8,"column":67}}],"line":5},"2":{"loc":{"start":{"line":13,"column":4},"end":{"line":13,"column":63}},"type":"if","locations":[{"start":{"line":13,"column":4},"end":{"line":13,"column":63}},{"start":{},"end":{}}],"line":13},"3":{"loc":{"start":{"line":14,"column":4},"end":{"line":17,"column":5}},"type":"if","locations":[{"start":{"line":14,"column":4},"end":{"line":17,"column":5}},{"start":{},"end":{}}],"line":14},"4":{"loc":{"start":{"line":15,"column":6},"end":{"line":15,"column":98}},"type":"if","locations":[{"start":{"line":15,"column":6},"end":{"line":15,"column":98}},{"start":{},"end":{}}],"line":15},"5":{"loc":{"start":{"line":18,"column":4},"end":{"line":21,"column":5}},"type":"if","locations":[{"start":{"line":18,"column":4},"end":{"line":21,"column":5}},{"start":{},"end":{}}],"line":18},"6":{"loc":{"start":{"line":22,"column":4},"end":{"line":26,"column":5}},"type":"if","locations":[{"start":{"line":22,"column":4},"end":{"line":26,"column":5}},{"start":{},"end":{}}],"line":22},"7":{"loc":{"start":{"line":24,"column":6},"end":{"line":24,"column":94}},"type":"if","locations":[{"start":{"line":24,"column":6},"end":{"line":24,"column":94}},{"start":{},"end":{}}],"line":24}},"s":{"0":2,"1":2,"2":3,"3":1,"4":1,"5":2,"6":2,"7":7,"8":0,"9":7,"10":3,"11":0,"12":3,"13":4,"14":2,"15":2,"16":2,"17":2,"18":2,"19":0,"20":2,"21":0,"22":0},"f":{"0":2,"1":7,"2":0},"b":{"0":[0],"1":[1,2],"2":[0,7],"3":[3,4],"4":[0,3],"5":[2,2],"6":[2,0],"7":[0,2]},"inputSourceMap":null,"_coverageSchema":"1a1c01bbd47fc00a2c39e90264f33305004495a9","hash":"0fa4f4eec5fffd71f4ba1532b1dc4c9b124eaffd"}
,"/opt/discript/src/parser.mjs": {"path":"/opt/discript/src/parser.mjs","statementMap":{"0":{"start":{"line":1,"column":17},"end":{"line":1,"column":107}},"1":{"start":{"line":4,"column":17},"end":{"line":4,"column":33}},"2":{"start":{"line":5,"column":14},"end":{"line":5,"column":15}},"3":{"start":{"line":6,"column":15},"end":{"line":6,"column":17}},"4":{"start":{"line":8,"column":2},"end":{"line":15,"column":3}},"5":{"start":{"line":9,"column":4},"end":{"line":9,"column":29}},"6":{"start":{"line":9,"column":20},"end":{"line":9,"column":29}},"7":{"start":{"line":10,"column":23},"end":{"line":10,"column":40}},"8":{"start":{"line":11,"column":4},"end":{"line":13,"column":66}},"9":{"start":{"line":12,"column":6},"end":{"line":12,"column":89}},"10":{"start":{"line":13,"column":11},"end":{"line":13,"column":66}},"11":{"start":{"line":14,"column":4},"end":{"line":14,"column":15}},"12":{"start":{"line":16,"column":2},"end":{"line":16,"column":35}},"13":{"start":{"line":19,"column":21},"end":{"line":19,"column":35}},"14":{"start":{"line":20,"column":4},"end":{"line":31,"column":5}},"15":{"start":{"line":21,"column":23},"end":{"line":21,"column":83}},"16":{"start":{"line":22,"column":6},"end":{"line":22,"column":94}},"17":{"start":{"line":23,"column":6},"end":{"line":30,"column":7}},"18":{"start":{"line":24,"column":21},"end":{"line":24,"column":23}},"19":{"start":{"line":25,"column":8},"end":{"line":28,"column":9}},"20":{"start":{"line":26,"column":10},"end":{"line":26,"column":62}},"21":{"start":{"line":26,"column":13},"end":{"line":26,"column":42}},"22":{"start":{"line":27,"column":10},"end":{"line":27,"column":56}},"23":{"start":{"line":29,"column":8},"end":{"line":29,"column":85}},"24":{"start":{"line":32,"column":4},"end":{"line":39,"column":5}},"25":{"start":{"line":33,"column":19},"end":{"line":33,"column":21}},"26":{"start":{"line":34,"column":6},"end":{"line":37,"column":7}},"27":{"start":{"line":35,"column":8},"end":{"line":35,"column":60}},"28":{"start":{"line":35,"column":11},"end":{"line":35,"column":40}},"29":{"start":{"line":36,"column":8},"end":{"line":36,"column":54}},"30":{"start":{"line":38,"column":6},"end":{"line":38,"column":83}},"31":{"start":{"line":40,"column":4},"end":{"line":40,"column":22}},"32":{"start":{"line":44,"column":18},"end":{"line":44,"column":24}},"33":{"start":{"line":45,"column":4},"end":{"line":45,"column":125}},"34":{"start":{"line":45,"column":64},"end":{"line":45,"column":75}},"35":{"start":{"line":45,"column":76},"end":{"line":45,"column":123}},"36":{"start":{"line":46,"column":4},"end":{"line":46,"column":103}},"37":{"start":{"line":46,"column":40},"end":{"line":46,"column":51}},"38":{"start":{"line":46,"column":52},"end":{"line":46,"column":101}},"39":{"start":{"line":47,"column":4},"end":{"line":47,"column":49}},"40":{"start":{"line":51,"column":4},"end":{"line":51,"column":85}},"41":{"start":{"line":51,"column":59},"end":{"line":51,"column":70}},"42":{"start":{"line":51,"column":71},"end":{"line":51,"column":83}},"43":{"start":{"line":52,"column":4},"end":{"line":52,"column":17}},"44":{"start":{"line":54,"column":36},"end":{"line":54,"column":81}},"45":{"start":{"line":54,"column":54},"end":{"line":54,"column":81}},"46":{"start":{"line":54,"column":82},"end":{"line":54,"column":107}},"47":{"start":{"line":55,"column":20},"end":{"line":55,"column":41}},"48":{"start":{"line":56,"column":21},"end":{"line":56,"column":51}},"49":{"start":{"line":60,"column":17},"end":{"line":60,"column":19}},"50":{"start":{"line":61,"column":14},"end":{"line":61,"column":15}},"51":{"start":{"line":62,"column":2},"end":{"line":72,"column":3}},"52":{"start":{"line":63,"column":4},"end":{"line":63,"column":31}},"53":{"start":{"line":64,"column":18},"end":{"line":64,"column":39}},"54":{"start":{"line":65,"column":4},"end":{"line":65,"column":95}},"55":{"start":{"line":65,"column":16},"end":{"line":65,"column":95}},"56":{"start":{"line":66,"column":4},"end":{"line":66,"column":31}},"57":{"start":{"line":67,"column":4},"end":{"line":67,"column":41}},"58":{"start":{"line":67,"column":32},"end":{"line":67,"column":41}},"59":{"start":{"line":68,"column":4},"end":{"line":71,"column":58}},"60":{"start":{"line":68,"column":18},"end":{"line":68,"column":132}},"61":{"start":{"line":69,"column":9},"end":{"line":71,"column":58}},"62":{"start":{"line":69,"column":23},"end":{"line":69,"column":80}},"63":{"start":{"line":70,"column":9},"end":{"line":71,"column":58}},"64":{"start":{"line":70,"column":23},"end":{"line":70,"column":76}},"65":{"start":{"line":71,"column":9},"end":{"line":71,"column":58}},"66":{"start":{"line":73,"column":2},"end":{"line":73,"column":16}},"67":{"start":{"line":76,"column":32},"end":{"line":76,"column":111}}},"fnMap":{"0":{"name":"parse","decl":{"start":{"line":3,"column":16},"end":{"line":3,"column":21}},"loc":{"start":{"line":3,"column":30},"end":{"line":57,"column":1}},"line":3},"1":{"name":"parseExpression","decl":{"start":{"line":18,"column":11},"end":{"line":18,"column":26}},"loc":{"start":{"line":18,"column":29},"end":{"line":41,"column":3}},"line":18},"2":{"name":"parsePrimary","decl":{"start":{"line":43,"column":11},"end":{"line":43,"column":23}},"loc":{"start":{"line":43,"column":26},"end":{"line":48,"column":3}},"line":43},"3":{"name":"match","decl":{"start":{"line":50,"column":11},"end":{"line":50,"column":16}},"loc":{"start":{"line":50,"column":23},"end":{"line":53,"column":3}},"line":50},"4":{"name":"consume","decl":{"start":{"line":54,"column":11},"end":{"line":54,"column":18}},"loc":{"start":{"line":54,"column":34},"end":{"line":54,"column":109}},"line":54},"5":{"name":"peek","decl":{"start":{"line":55,"column":11},"end":{"line":55,"column":15}},"loc":{"start":{"line":55,"column":18},"end":{"line":55,"column":43}},"line":55},"6":{"name":"atEnd","decl":{"start":{"line":56,"column":11},"end":{"line":56,"column":16}},"loc":{"start":{"line":56,"column":19},"end":{"line":56,"column":53}},"line":56},"7":{"name":"tokenize","decl":{"start":{"line":59,"column":9},"end":{"line":59,"column":17}},"loc":{"start":{"line":59,"column":26},"end":{"line":74,"column":1}},"line":59},"8":{"name":"syntaxError","decl":{"start":{"line":76,"column":9},"end":{"line":76,"column":20}},"loc":{"start":{"line":76,"column":30},"end":{"line":76,"column":113}},"line":76}},"branchMap":{"0":{"loc":{"start":{"line":9,"column":4},"end":{"line":9,"column":29}},"type":"if","locations":[{"start":{"line":9,"column":4},"end":{"line":9,"column":29}},{"start":{},"end":{}}],"line":9},"1":{"loc":{"start":{"line":11,"column":4},"end":{"line":13,"column":66}},"type":"if","locations":[{"start":{"line":11,"column":4},"end":{"line":13,"column":66}},{"start":{"line":13,"column":11},"end":{"line":13,"column":66}}],"line":11},"2":{"loc":{"start":{"line":11,"column":8},"end":{"line":11,"column":54}},"type":"binary-expr","locations":[{"start":{"line":11,"column":8},"end":{"line":11,"column":40}},{"start":{"line":11,"column":44},"end":{"line":11,"column":54}}],"line":11},"3":{"loc":{"start":{"line":23,"column":6},"end":{"line":30,"column":7}},"type":"if","locations":[{"start":{"line":23,"column":6},"end":{"line":30,"column":7}},{"start":{},"end":{}}],"line":23},"4":{"loc":{"start":{"line":25,"column":8},"end":{"line":28,"column":9}},"type":"if","locations":[{"start":{"line":25,"column":8},"end":{"line":28,"column":9}},{"start":{},"end":{}}],"line":25},"5":{"loc":{"start":{"line":32,"column":4},"end":{"line":39,"column":5}},"type":"if","locations":[{"start":{"line":32,"column":4},"end":{"line":39,"column":5}},{"start":{},"end":{}}],"line":32},"6":{"loc":{"start":{"line":34,"column":6},"end":{"line":37,"column":7}},"type":"if","locations":[{"start":{"line":34,"column":6},"end":{"line":37,"column":7}},{"start":{},"end":{}}],"line":34},"7":{"loc":{"start":{"line":45,"column":4},"end":{"line":45,"column":125}},"type":"if","locations":[{"start":{"line":45,"column":4},"end":{"line":45,"column":125}},{"start":{},"end":{}}],"line":45},"8":{"loc":{"start":{"line":45,"column":8},"end":{"line":45,"column":60}},"type":"binary-expr","locations":[{"start":{"line":45,"column":8},"end":{"line":45,"column":32}},{"start":{"line":45,"column":36},"end":{"line":45,"column":60}}],"line":45},"9":{"loc":{"start":{"line":46,"column":4},"end":{"line":46,"column":103}},"type":"if","locations":[{"start":{"line":46,"column":4},"end":{"line":46,"column":103}},{"start":{},"end":{}}],"line":46},"10":{"loc":{"start":{"line":51,"column":4},"end":{"line":51,"column":85}},"type":"if","locations":[{"start":{"line":51,"column":4},"end":{"line":51,"column":85}},{"start":{},"end":{}}],"line":51},"11":{"loc":{"start":{"line":51,"column":8},"end":{"line":51,"column":55}},"type":"binary-expr","locations":[{"start":{"line":51,"column":8},"end":{"line":51,"column":30}},{"start":{"line":51,"column":34},"end":{"line":51,"column":55}}],"line":51},"12":{"loc":{"start":{"line":54,"column":36},"end":{"line":54,"column":81}},"type":"if","locations":[{"start":{"line":54,"column":36},"end":{"line":54,"column":81}},{"start":{},"end":{}}],"line":54},"13":{"loc":{"start":{"line":65,"column":4},"end":{"line":65,"column":95}},"type":"if","locations":[{"start":{"line":65,"column":4},"end":{"line":65,"column":95}},{"start":{},"end":{}}],"line":65},"14":{"loc":{"start":{"line":67,"column":4},"end":{"line":67,"column":41}},"type":"if","locations":[{"start":{"line":67,"column":4},"end":{"line":67,"column":41}},{"start":{},"end":{}}],"line":67},"15":{"loc":{"start":{"line":68,"column":4},"end":{"line":71,"column":58}},"type":"if","locations":[{"start":{"line":68,"column":4},"end":{"line":71,"column":58}},{"start":{"line":69,"column":9},"end":{"line":71,"column":58}}],"line":68},"16":{"loc":{"start":{"line":68,"column":66},"end":{"line":68,"column":127}},"type":"cond-expr","locations":[{"start":{"line":68,"column":88},"end":{"line":68,"column":96}},{"start":{"line":68,"column":99},"end":{"line":68,"column":127}}],"line":68},"17":{"loc":{"start":{"line":69,"column":9},"end":{"line":71,"column":58}},"type":"if","locations":[{"start":{"line":69,"column":9},"end":{"line":71,"column":58}},{"start":{"line":70,"column":9},"end":{"line":71,"column":58}}],"line":69},"18":{"loc":{"start":{"line":70,"column":9},"end":{"line":71,"column":58}},"type":"if","locations":[{"start":{"line":70,"column":9},"end":{"line":71,"column":58}},{"start":{"line":71,"column":9},"end":{"line":71,"column":58}}],"line":70}},"s":{"0":2,"1":4,"2":4,"3":4,"4":4,"5":6,"6":0,"7":6,"8":6,"9":3,"10":3,"11":5,"12":3,"13":9,"14":8,"15":4,"16":4,"17":4,"18":3,"19":3,"20":0,"21":0,"22":0,"23":3,"24":8,"25":0,"26":0,"27":0,"28":0,"29":0,"30":0,"31":8,"32":9,"33":9,"34":0,"35":0,"36":9,"37":8,"38":8,"39":1,"40":47,"41":19,"42":19,"43":28,"44":4,"45":0,"46":4,"47":88,"48":9,"49":4,"50":4,"51":4,"52":34,"53":34,"54":34,"55":0,"56":34,"57":34,"58":7,"59":27,"60":0,"61":27,"62":0,"63":27,"64":12,"65":15,"66":4,"67":1},"f":{"0":4,"1":9,"2":9,"3":47,"4":4,"5":88,"6":9,"7":4,"8":1},"b":{"0":[0,6],"1":[3,3],"2":[6,5],"3":[3,1],"4":[0,3],"5":[0,8],"6":[0,0],"7":[0,9],"8":[9,9],"9":[8,1],"10":[19,28],"11":[47,32],"12":[0,4],"13":[0,34],"14":[7,27],"15":[0,27],"16":[0,0],"17":[0,27],"18":[12,15]},"inputSourceMap":null,"_coverageSchema":"1a1c01bbd47fc00a2c39e90264f33305004495a9","hash":"bea924a40ade93e821a9c90cb34f83668e2a7af1"}
}
