TN:
SF:src/args.mjs
FN:1,parseArgs
FN:33,requireValue
FN:39,cliError
FNF:3
FNH:2
FNDA:2,parseArgs
FNDA:2,requireValue
FNDA:0,cliError
DA:2,2
DA:3,2
DA:5,2
DA:6,7
DA:7,7
DA:8,0
DA:9,0
DA:11,7
DA:12,2
DA:13,2
DA:15,5
DA:16,5
DA:17,5
DA:18,4
DA:19,3
DA:20,3
DA:21,3
DA:22,3
DA:23,2
DA:24,1
DA:26,0
DA:30,2
DA:34,2
DA:35,2
DA:36,2
DA:40,0
LF:26
LH:22
BRDA:1,0,0,0
BRDA:7,1,0,0
BRDA:7,1,1,7
BRDA:11,2,0,2
BRDA:11,2,1,5
BRDA:11,3,0,7
BRDA:11,3,1,5
BRDA:15,4,0,0
BRDA:15,4,1,5
BRDA:16,5,0,0
BRDA:16,5,1,5
BRDA:17,6,0,1
BRDA:17,6,1,4
BRDA:18,7,0,1
BRDA:18,7,1,3
BRDA:19,8,0,3
BRDA:19,8,1,0
BRDA:22,9,0,1
BRDA:22,9,1,2
BRDA:23,10,0,1
BRDA:23,10,1,1
BRDA:35,11,0,0
BRDA:35,11,1,2
BRDA:35,12,0,2
BRDA:35,12,1,2
BRDA:39,13,0,0
BRDA:39,14,0,0
BRF:27
BRH:19
end_of_record
TN:
SF:src/evaluator.mjs
FN:1,evaluate
FN:12,evaluateExpression
FN:31,runtimeError
FNF:3
FNH:2
FNDA:2,evaluate
FNDA:7,evaluateExpression
FNDA:0,runtimeError
DA:2,2
DA:4,2
DA:5,3
DA:6,1
DA:7,1
DA:8,2
DA:10,2
DA:13,7
DA:14,7
DA:15,3
DA:16,3
DA:18,4
DA:19,2
DA:20,2
DA:22,2
DA:23,2
DA:24,2
DA:25,2
DA:27,0
DA:31,0
LF:20
LH:18
BRDA:1,0,0,0
BRDA:5,1,0,1
BRDA:5,1,1,2
BRDA:13,2,0,0
BRDA:13,2,1,7
BRDA:14,3,0,3
BRDA:14,3,1,4
BRDA:15,4,0,0
BRDA:15,4,1,3
BRDA:18,5,0,2
BRDA:18,5,1,2
BRDA:22,6,0,2
BRDA:22,6,1,0
BRDA:24,7,0,0
BRDA:24,7,1,2
BRF:15
BRH:10
end_of_record
TN:
SF:src/parser.mjs
FN:3,parse
FN:18,parseExpression
FN:43,parsePrimary
FN:50,match
FN:54,consume
FN:55,peek
FN:56,atEnd
FN:59,tokenize
FN:76,syntaxError
FNF:9
FNH:9
FNDA:4,parse
FNDA:9,parseExpression
FNDA:9,parsePrimary
FNDA:47,match
FNDA:4,consume
FNDA:88,peek
FNDA:9,atEnd
FNDA:4,tokenize
FNDA:1,syntaxError
DA:1,2
DA:4,4
DA:5,4
DA:6,4
DA:8,4
DA:9,6
DA:10,6
DA:11,6
DA:12,3
DA:13,3
DA:14,5
DA:16,3
DA:19,9
DA:20,8
DA:21,4
DA:22,4
DA:23,4
DA:24,3
DA:25,3
DA:26,0
DA:27,0
DA:29,3
DA:32,8
DA:33,0
DA:34,0
DA:35,0
DA:36,0
DA:38,0
DA:40,8
DA:44,9
DA:45,9
DA:46,9
DA:47,1
DA:51,47
DA:52,28
DA:54,4
DA:55,88
DA:56,9
DA:60,4
DA:61,4
DA:62,4
DA:63,34
DA:64,34
DA:65,34
DA:66,34
DA:67,34
DA:68,27
DA:69,27
DA:70,27
DA:71,15
DA:73,4
DA:76,1
LF:52
LH:45
BRDA:9,0,0,0
BRDA:9,0,1,6
BRDA:11,1,0,3
BRDA:11,1,1,3
BRDA:11,2,0,6
BRDA:11,2,1,5
BRDA:23,3,0,3
BRDA:23,3,1,1
BRDA:25,4,0,0
BRDA:25,4,1,3
BRDA:32,5,0,0
BRDA:32,5,1,8
BRDA:34,6,0,0
BRDA:34,6,1,0
BRDA:45,7,0,0
BRDA:45,7,1,9
BRDA:45,8,0,9
BRDA:45,8,1,9
BRDA:46,9,0,8
BRDA:46,9,1,1
BRDA:51,10,0,19
BRDA:51,10,1,28
BRDA:51,11,0,47
BRDA:51,11,1,32
BRDA:54,12,0,0
BRDA:54,12,1,4
BRDA:65,13,0,0
BRDA:65,13,1,34
BRDA:67,14,0,7
BRDA:67,14,1,27
BRDA:68,15,0,0
BRDA:68,15,1,27
BRDA:68,16,0,0
BRDA:68,16,1,0
BRDA:69,17,0,0
BRDA:69,17,1,27
BRDA:70,18,0,12
BRDA:70,18,1,15
BRF:38
BRH:26
end_of_record
